445:C 26 Oct 12:12:47.347 # oO0OoO0OoO0Oo Redis is starting oO0OoO0OoO0Oo
445:C 26 Oct 12:12:47.355 # Redis version=4.0.9, bits=64, commit=00000000, modified=0, pid=445, just started
445:C 26 Oct 12:12:47.356 # Configuration loaded
446:M 26 Oct 12:12:47.360 # You requested maxclients of 10000 requiring at least 10032 max file descriptors.
446:M 26 Oct 12:12:47.366 # Server can't set maximum open files to 10032 because of OS error: Invalid argument.
446:M 26 Oct 12:12:47.367 # Current maximum open files is 4096. maxclients has been reduced to 4064 to compensate for low ulimit. If you need higher maxclients increase 'ulimit -n'.
446:M 26 Oct 12:12:47.370 * No cluster configuration found, I'm 87b7dfacde34b3cf57d5f46ab44fd6fffb2e4f52
                _._                                                  
           _.-``__ ''-._                                             
      _.-``    `.  `_.  ''-._           Redis 4.0.9 (00000000/0) 64 bit
  .-`` .-```.  ```\/    _.,_ ''-._                                   
 (    '      ,       .-`  | `,    )     Running in cluster mode
 |`-._`-...-` __...-.``-._|'` _.-'|     Port: 6379
 |    `-._   `._    /     _.-'    |     PID: 446
  `-._    `-._  `-./  _.-'    _.-'                                   
 |`-._`-._    `-.__.-'    _.-'_.-'|                                  
 |    `-._`-._        _.-'_.-'    |           http://redis.io        
  `-._    `-._`-.__.-'_.-'    _.-'                                   
 |`-._`-._    `-.__.-'    _.-'_.-'|                                  
 |    `-._`-._        _.-'_.-'    |                                  
  `-._    `-._`-.__.-'_.-'    _.-'                                   
      `-._    `-.__.-'    _.-'                                       
          `-._        _.-'                                           
              `-.__.-'                                               

446:M 26 Oct 12:12:47.380 # WARNING: The TCP backlog setting of 511 cannot be enforced because /proc/sys/net/core/somaxconn is set to the lower value of 128.
446:M 26 Oct 12:12:47.381 # Server initialized
446:M 26 Oct 12:12:47.381 # WARNING overcommit_memory is set to 0! Background save may fail under low memory condition. To fix this issue add 'vm.overcommit_memory = 1' to /etc/sysctl.conf and then reboot or run the command 'sysctl vm.overcommit_memory=1' for this to take effect.
446:M 26 Oct 12:12:47.382 * Ready to accept connections
446:M 26 Oct 12:14:04.353 # IP address for this node updated to 127.0.0.1
446:M 26 Oct 12:17:00.693 # Cluster state changed: ok
446:M 26 Oct 12:18:35.833 * Slave 127.0.0.1:6479 asks for synchronization
446:M 26 Oct 12:18:35.834 * Partial resynchronization not accepted: Replication ID mismatch (Slave asked for 'c8c79fb7a89ba26bd4987306c9188f012d06c432', my replication IDs are '91d70eae0144b16966b775199981558f13fec380' and '0000000000000000000000000000000000000000')
446:M 26 Oct 12:18:35.834 * Starting BGSAVE for SYNC with target: disk
446:M 26 Oct 12:18:35.837 * Background saving started by pid 481
481:C 26 Oct 12:18:35.860 * DB saved on disk
446:M 26 Oct 12:18:35.949 * Background saving terminated with success
446:M 26 Oct 12:18:35.950 * Synchronization with slave 127.0.0.1:6479 succeeded
446:M 26 Oct 12:33:36.011 * 1 changes in 900 seconds. Saving...
446:M 26 Oct 12:33:36.018 * Background saving started by pid 490
490:C 26 Oct 12:33:36.036 * DB saved on disk
446:M 26 Oct 12:33:36.121 * Background saving terminated with success
446:M 26 Oct 14:07:56.516 # User requested shutdown...
446:M 26 Oct 14:07:56.517 * Saving the final RDB snapshot before exiting.
446:M 26 Oct 14:07:56.534 * DB saved on disk
446:M 26 Oct 14:07:56.535 * Removing the pid file.
446:M 26 Oct 14:07:56.535 # Redis is now ready to exit, bye bye...
499:C 26 Oct 14:15:47.390 # oO0OoO0OoO0Oo Redis is starting oO0OoO0OoO0Oo
499:C 26 Oct 14:15:47.394 # Redis version=4.0.9, bits=64, commit=00000000, modified=0, pid=499, just started
499:C 26 Oct 14:15:47.395 # Configuration loaded
500:M 26 Oct 14:15:47.398 # You requested maxclients of 10000 requiring at least 10032 max file descriptors.
500:M 26 Oct 14:15:47.402 # Server can't set maximum open files to 10032 because of OS error: Invalid argument.
500:M 26 Oct 14:15:47.403 # Current maximum open files is 4096. maxclients has been reduced to 4064 to compensate for low ulimit. If you need higher maxclients increase 'ulimit -n'.
500:M 26 Oct 14:15:47.404 * Node configuration loaded, I'm 87b7dfacde34b3cf57d5f46ab44fd6fffb2e4f52
                _._                                                  
           _.-``__ ''-._                                             
      _.-``    `.  `_.  ''-._           Redis 4.0.9 (00000000/0) 64 bit
  .-`` .-```.  ```\/    _.,_ ''-._                                   
 (    '      ,       .-`  | `,    )     Running in cluster mode
 |`-._`-...-` __...-.``-._|'` _.-'|     Port: 6379
 |    `-._   `._    /     _.-'    |     PID: 500
  `-._    `-._  `-./  _.-'    _.-'                                   
 |`-._`-._    `-.__.-'    _.-'_.-'|                                  
 |    `-._`-._        _.-'_.-'    |           http://redis.io        
  `-._    `-._`-.__.-'_.-'    _.-'                                   
 |`-._`-._    `-.__.-'    _.-'_.-'|                                  
 |    `-._`-._        _.-'_.-'    |                                  
  `-._    `-._`-.__.-'_.-'    _.-'                                   
      `-._    `-.__.-'    _.-'                                       
          `-._        _.-'                                           
              `-.__.-'                                               

500:M 26 Oct 14:15:47.406 # WARNING: The TCP backlog setting of 511 cannot be enforced because /proc/sys/net/core/somaxconn is set to the lower value of 128.
500:M 26 Oct 14:15:47.407 # Server initialized
500:M 26 Oct 14:15:47.407 # WARNING overcommit_memory is set to 0! Background save may fail under low memory condition. To fix this issue add 'vm.overcommit_memory = 1' to /etc/sysctl.conf and then reboot or run the command 'sysctl vm.overcommit_memory=1' for this to take effect.
500:M 26 Oct 14:15:47.408 * DB loaded from disk: 0.000 seconds
500:M 26 Oct 14:15:47.408 * Ready to accept connections
500:M 26 Oct 14:15:47.411 # Configuration change detected. Reconfiguring myself as a replica of 4c23b25bd4bcef7f4b77d8287e330ae72e738883
500:S 26 Oct 14:15:47.411 * Before turning into a slave, using my master parameters to synthesize a cached master: I may be able to synchronize with the new master with just a partial transfer.
500:S 26 Oct 14:15:47.412 # Cluster state changed: ok
500:S 26 Oct 14:15:48.419 * Connecting to MASTER 127.0.0.1:6479
500:S 26 Oct 14:15:48.421 * MASTER <-> SLAVE sync started
500:S 26 Oct 14:15:48.423 * Non blocking connect for SYNC fired the event.
500:S 26 Oct 14:15:48.425 * Master replied to PING, replication can continue...
500:S 26 Oct 14:15:48.428 * Trying a partial resynchronization (request 920ce4eb83b2fb832499fe756b72b925768fae2a:1).
500:S 26 Oct 14:15:48.436 * Full resync from master: adbf41b16075ea22b17f145186c53c4499864d5b:9160
500:S 26 Oct 14:15:48.437 * Discarding previously cached master state.
500:S 26 Oct 14:15:48.560 * MASTER <-> SLAVE sync: receiving 192 bytes from master
500:S 26 Oct 14:15:48.573 * MASTER <-> SLAVE sync: Flushing old data
500:S 26 Oct 14:15:48.573 * MASTER <-> SLAVE sync: Loading DB in memory
500:S 26 Oct 14:15:48.575 * MASTER <-> SLAVE sync: Finished with success
454:C 27 Oct 11:26:03.604 # oO0OoO0OoO0Oo Redis is starting oO0OoO0OoO0Oo
454:C 27 Oct 11:26:03.610 # Redis version=4.0.9, bits=64, commit=00000000, modified=0, pid=454, just started
454:C 27 Oct 11:26:03.610 # Configuration loaded
455:M 27 Oct 11:26:03.613 # You requested maxclients of 10000 requiring at least 10032 max file descriptors.
455:M 27 Oct 11:26:03.618 # Server can't set maximum open files to 10032 because of OS error: Invalid argument.
455:M 27 Oct 11:26:03.618 # Current maximum open files is 4096. maxclients has been reduced to 4064 to compensate for low ulimit. If you need higher maxclients increase 'ulimit -n'.
455:M 27 Oct 11:26:03.620 * Node configuration loaded, I'm 87b7dfacde34b3cf57d5f46ab44fd6fffb2e4f52
                _._                                                  
           _.-``__ ''-._                                             
      _.-``    `.  `_.  ''-._           Redis 4.0.9 (00000000/0) 64 bit
  .-`` .-```.  ```\/    _.,_ ''-._                                   
 (    '      ,       .-`  | `,    )     Running in cluster mode
 |`-._`-...-` __...-.``-._|'` _.-'|     Port: 6379
 |    `-._   `._    /     _.-'    |     PID: 455
  `-._    `-._  `-./  _.-'    _.-'                                   
 |`-._`-._    `-.__.-'    _.-'_.-'|                                  
 |    `-._`-._        _.-'_.-'    |           http://redis.io        
  `-._    `-._`-.__.-'_.-'    _.-'                                   
 |`-._`-._    `-.__.-'    _.-'_.-'|                                  
 |    `-._`-._        _.-'_.-'    |                                  
  `-._    `-._`-.__.-'_.-'    _.-'                                   
      `-._    `-.__.-'    _.-'                                       
          `-._        _.-'                                           
              `-.__.-'                                               

455:M 27 Oct 11:26:03.622 # WARNING: The TCP backlog setting of 511 cannot be enforced because /proc/sys/net/core/somaxconn is set to the lower value of 128.
455:M 27 Oct 11:26:03.623 # Server initialized
455:M 27 Oct 11:26:03.623 # WARNING overcommit_memory is set to 0! Background save may fail under low memory condition. To fix this issue add 'vm.overcommit_memory = 1' to /etc/sysctl.conf and then reboot or run the command 'sysctl vm.overcommit_memory=1' for this to take effect.
455:M 27 Oct 11:26:03.624 * DB loaded from disk: 0.000 seconds
455:M 27 Oct 11:26:03.624 * Ready to accept connections
455:S 27 Oct 11:26:03.626 * Before turning into a slave, using my master parameters to synthesize a cached master: I may be able to synchronize with the new master with just a partial transfer.
455:S 27 Oct 11:26:03.626 # Cluster state changed: ok
455:S 27 Oct 11:26:04.637 * Connecting to MASTER 127.0.0.1:6479
455:S 27 Oct 11:26:04.639 * MASTER <-> SLAVE sync started
455:S 27 Oct 11:26:05.640 # Error condition on socket for SYNC: Connection refused
455:S 27 Oct 11:26:05.654 * Connecting to MASTER 127.0.0.1:6479
455:S 27 Oct 11:26:05.657 * MASTER <-> SLAVE sync started
455:S 27 Oct 11:26:06.657 # Error condition on socket for SYNC: Connection refused
455:S 27 Oct 11:26:06.670 * Connecting to MASTER 127.0.0.1:6479
455:S 27 Oct 11:26:06.673 * MASTER <-> SLAVE sync started
455:S 27 Oct 11:26:07.674 # Error condition on socket for SYNC: Connection refused
455:S 27 Oct 11:26:07.687 * Connecting to MASTER 127.0.0.1:6479
455:S 27 Oct 11:26:07.689 * MASTER <-> SLAVE sync started
455:S 27 Oct 11:26:08.690 # Error condition on socket for SYNC: Connection refused
455:S 27 Oct 11:26:08.702 * Connecting to MASTER 127.0.0.1:6479
455:S 27 Oct 11:26:08.703 * MASTER <-> SLAVE sync started
455:S 27 Oct 11:26:09.706 # Error condition on socket for SYNC: Connection refused
455:S 27 Oct 11:26:09.712 * Connecting to MASTER 127.0.0.1:6479
455:S 27 Oct 11:26:09.714 * MASTER <-> SLAVE sync started
455:S 27 Oct 11:26:10.716 # Error condition on socket for SYNC: Connection refused
455:S 27 Oct 11:26:10.728 * Connecting to MASTER 127.0.0.1:6479
455:S 27 Oct 11:26:10.729 * MASTER <-> SLAVE sync started
455:S 27 Oct 11:26:11.729 # Error condition on socket for SYNC: Connection refused
455:S 27 Oct 11:26:11.741 * Connecting to MASTER 127.0.0.1:6479
455:S 27 Oct 11:26:11.742 * MASTER <-> SLAVE sync started
455:S 27 Oct 11:26:12.746 # Error condition on socket for SYNC: Connection refused
455:S 27 Oct 11:26:12.753 * Connecting to MASTER 127.0.0.1:6479
455:S 27 Oct 11:26:12.756 * MASTER <-> SLAVE sync started
455:S 27 Oct 11:26:13.756 # Error condition on socket for SYNC: Connection refused
455:S 27 Oct 11:26:13.771 * Connecting to MASTER 127.0.0.1:6479
455:S 27 Oct 11:26:13.773 * MASTER <-> SLAVE sync started
455:S 27 Oct 11:26:14.775 # Error condition on socket for SYNC: Connection refused
455:S 27 Oct 11:26:14.784 * Connecting to MASTER 127.0.0.1:6479
455:S 27 Oct 11:26:14.785 * MASTER <-> SLAVE sync started
455:S 27 Oct 11:26:15.788 # Error condition on socket for SYNC: Connection refused
455:S 27 Oct 11:26:15.794 * Connecting to MASTER 127.0.0.1:6479
455:S 27 Oct 11:26:15.795 * MASTER <-> SLAVE sync started
455:S 27 Oct 11:26:16.797 # Error condition on socket for SYNC: Connection refused
455:S 27 Oct 11:26:16.805 * Connecting to MASTER 127.0.0.1:6479
455:S 27 Oct 11:26:16.807 * MASTER <-> SLAVE sync started
455:S 27 Oct 11:26:17.810 * Non blocking connect for SYNC fired the event.
455:S 27 Oct 11:26:17.813 * Master replied to PING, replication can continue...
455:S 27 Oct 11:26:17.816 * Trying a partial resynchronization (request 97969a95e800efe58d87c75e141cf86c971756f3:1).
455:S 27 Oct 11:26:17.821 * Full resync from master: a814e7a03c0ab862899654a8dadeb26ae5816880:0
455:S 27 Oct 11:26:17.821 * Discarding previously cached master state.
455:S 27 Oct 11:26:17.895 * MASTER <-> SLAVE sync: receiving 191 bytes from master
455:S 27 Oct 11:26:17.905 * MASTER <-> SLAVE sync: Flushing old data
455:S 27 Oct 11:26:17.905 * MASTER <-> SLAVE sync: Loading DB in memory
455:S 27 Oct 11:26:17.906 * MASTER <-> SLAVE sync: Finished with success
455:S 27 Oct 12:38:20.619 * 1 changes in 900 seconds. Saving...
455:S 27 Oct 12:38:20.622 * Background saving started by pid 533
533:C 27 Oct 12:38:20.686 * DB saved on disk
455:S 27 Oct 12:38:20.724 * Background saving terminated with success
