456:C 26 Oct 12:13:10.441 # oO0OoO0OoO0Oo Redis is starting oO0OoO0OoO0Oo
456:C 26 Oct 12:13:10.448 # Redis version=4.0.9, bits=64, commit=00000000, modified=0, pid=456, just started
456:C 26 Oct 12:13:10.448 # Configuration loaded
457:M 26 Oct 12:13:10.453 # You requested maxclients of 10000 requiring at least 10032 max file descriptors.
457:M 26 Oct 12:13:10.459 # Server can't set maximum open files to 10032 because of OS error: Invalid argument.
457:M 26 Oct 12:13:10.460 # Current maximum open files is 4096. maxclients has been reduced to 4064 to compensate for low ulimit. If you need higher maxclients increase 'ulimit -n'.
457:M 26 Oct 12:13:10.462 * No cluster configuration found, I'm 51081a64ddb3ccf5432c435a8cf20d45ab795dd8
                _._                                                  
           _.-``__ ''-._                                             
      _.-``    `.  `_.  ''-._           Redis 4.0.9 (00000000/0) 64 bit
  .-`` .-```.  ```\/    _.,_ ''-._                                   
 (    '      ,       .-`  | `,    )     Running in cluster mode
 |`-._`-...-` __...-.``-._|'` _.-'|     Port: 6381
 |    `-._   `._    /     _.-'    |     PID: 457
  `-._    `-._  `-./  _.-'    _.-'                                   
 |`-._`-._    `-.__.-'    _.-'_.-'|                                  
 |    `-._`-._        _.-'_.-'    |           http://redis.io        
  `-._    `-._`-.__.-'_.-'    _.-'                                   
 |`-._`-._    `-.__.-'    _.-'_.-'|                                  
 |    `-._`-._        _.-'_.-'    |                                  
  `-._    `-._`-.__.-'_.-'    _.-'                                   
      `-._    `-.__.-'    _.-'                                       
          `-._        _.-'                                           
              `-.__.-'                                               

457:M 26 Oct 12:13:10.470 # WARNING: The TCP backlog setting of 511 cannot be enforced because /proc/sys/net/core/somaxconn is set to the lower value of 128.
457:M 26 Oct 12:13:10.470 # Server initialized
457:M 26 Oct 12:13:10.470 # WARNING overcommit_memory is set to 0! Background save may fail under low memory condition. To fix this issue add 'vm.overcommit_memory = 1' to /etc/sysctl.conf and then reboot or run the command 'sysctl vm.overcommit_memory=1' for this to take effect.
457:M 26 Oct 12:13:10.471 * Ready to accept connections
457:M 26 Oct 12:14:06.132 # IP address for this node updated to 127.0.0.1
457:M 26 Oct 12:16:56.789 # Cluster state changed: ok
457:M 26 Oct 12:19:12.277 * Slave 127.0.0.1:6481 asks for synchronization
457:M 26 Oct 12:19:12.277 * Partial resynchronization not accepted: Replication ID mismatch (Slave asked for '47bd167fc0e9f292a3b026e756937dd5a6540eff', my replication IDs are '424178419d917a04c7a0cc9dc464cf767b64e594' and '0000000000000000000000000000000000000000')
457:M 26 Oct 12:19:12.278 * Starting BGSAVE for SYNC with target: disk
457:M 26 Oct 12:19:12.280 * Background saving started by pid 485
485:C 26 Oct 12:19:12.306 * DB saved on disk
457:M 26 Oct 12:19:12.353 * Background saving terminated with success
457:M 26 Oct 12:19:12.355 * Synchronization with slave 127.0.0.1:6481 succeeded
457:M 26 Oct 12:34:13.097 * 1 changes in 900 seconds. Saving...
457:M 26 Oct 12:34:13.100 * Background saving started by pid 492
492:C 26 Oct 12:34:13.125 * DB saved on disk
457:M 26 Oct 12:34:13.201 * Background saving terminated with success
457:M 26 Oct 14:08:12.749 * FAIL message received from c47598b25205cc88abe2e5094d5bfd9ea202335f about 87b7dfacde34b3cf57d5f46ab44fd6fffb2e4f52
457:M 26 Oct 14:08:12.750 # Cluster state changed: fail
457:M 26 Oct 14:08:13.444 # Failover auth granted to 4c23b25bd4bcef7f4b77d8287e330ae72e738883 for epoch 6
457:M 26 Oct 14:08:13.451 # Cluster state changed: ok
457:M 26 Oct 14:15:47.824 * Clear FAIL state for node 87b7dfacde34b3cf57d5f46ab44fd6fffb2e4f52: master without slots is reachable again.
464:C 27 Oct 11:26:10.336 # oO0OoO0OoO0Oo Redis is starting oO0OoO0OoO0Oo
464:C 27 Oct 11:26:10.343 # Redis version=4.0.9, bits=64, commit=00000000, modified=0, pid=464, just started
464:C 27 Oct 11:26:10.343 # Configuration loaded
465:M 27 Oct 11:26:10.347 # You requested maxclients of 10000 requiring at least 10032 max file descriptors.
465:M 27 Oct 11:26:10.351 # Server can't set maximum open files to 10032 because of OS error: Invalid argument.
465:M 27 Oct 11:26:10.352 # Current maximum open files is 4096. maxclients has been reduced to 4064 to compensate for low ulimit. If you need higher maxclients increase 'ulimit -n'.
465:M 27 Oct 11:26:10.354 * Node configuration loaded, I'm 51081a64ddb3ccf5432c435a8cf20d45ab795dd8
                _._                                                  
           _.-``__ ''-._                                             
      _.-``    `.  `_.  ''-._           Redis 4.0.9 (00000000/0) 64 bit
  .-`` .-```.  ```\/    _.,_ ''-._                                   
 (    '      ,       .-`  | `,    )     Running in cluster mode
 |`-._`-...-` __...-.``-._|'` _.-'|     Port: 6381
 |    `-._   `._    /     _.-'    |     PID: 465
  `-._    `-._  `-./  _.-'    _.-'                                   
 |`-._`-._    `-.__.-'    _.-'_.-'|                                  
 |    `-._`-._        _.-'_.-'    |           http://redis.io        
  `-._    `-._`-.__.-'_.-'    _.-'                                   
 |`-._`-._    `-.__.-'    _.-'_.-'|                                  
 |    `-._`-._        _.-'_.-'    |                                  
  `-._    `-._`-.__.-'_.-'    _.-'                                   
      `-._    `-.__.-'    _.-'                                       
          `-._        _.-'                                           
              `-.__.-'                                               

465:M 27 Oct 11:26:10.356 # WARNING: The TCP backlog setting of 511 cannot be enforced because /proc/sys/net/core/somaxconn is set to the lower value of 128.
465:M 27 Oct 11:26:10.356 # Server initialized
465:M 27 Oct 11:26:10.356 # WARNING overcommit_memory is set to 0! Background save may fail under low memory condition. To fix this issue add 'vm.overcommit_memory = 1' to /etc/sysctl.conf and then reboot or run the command 'sysctl vm.overcommit_memory=1' for this to take effect.
465:M 27 Oct 11:26:10.357 * DB loaded from disk: 0.000 seconds
465:M 27 Oct 11:26:10.357 * Ready to accept connections
465:M 27 Oct 11:26:12.382 # Cluster state changed: ok
465:M 27 Oct 11:26:25.002 * Slave 127.0.0.1:6481 asks for synchronization
465:M 27 Oct 11:26:25.002 * Partial resynchronization not accepted: Replication ID mismatch (Slave asked for 'da1530de2d3295299a8e9eadea1b4de2a2a76973', my replication IDs are '3db4184ca11e8f706aec95f2f1e208e733a2a18d' and '0000000000000000000000000000000000000000')
465:M 27 Oct 11:26:25.002 * Starting BGSAVE for SYNC with target: disk
465:M 27 Oct 11:26:25.004 * Background saving started by pid 491
491:C 27 Oct 11:26:25.024 * DB saved on disk
465:M 27 Oct 11:26:25.119 * Background saving terminated with success
465:M 27 Oct 11:26:25.120 * Synchronization with slave 127.0.0.1:6481 succeeded
