451:C 26 Oct 12:13:07.690 # oO0OoO0OoO0Oo Redis is starting oO0OoO0OoO0Oo
451:C 26 Oct 12:13:07.691 # Redis version=4.0.9, bits=64, commit=00000000, modified=0, pid=451, just started
451:C 26 Oct 12:13:07.691 # Configuration loaded
452:M 26 Oct 12:13:07.696 # You requested maxclients of 10000 requiring at least 10032 max file descriptors.
452:M 26 Oct 12:13:07.703 # Server can't set maximum open files to 10032 because of OS error: Invalid argument.
452:M 26 Oct 12:13:07.704 # Current maximum open files is 4096. maxclients has been reduced to 4064 to compensate for low ulimit. If you need higher maxclients increase 'ulimit -n'.
452:M 26 Oct 12:13:07.707 * No cluster configuration found, I'm c47598b25205cc88abe2e5094d5bfd9ea202335f
                _._                                                  
           _.-``__ ''-._                                             
      _.-``    `.  `_.  ''-._           Redis 4.0.9 (00000000/0) 64 bit
  .-`` .-```.  ```\/    _.,_ ''-._                                   
 (    '      ,       .-`  | `,    )     Running in cluster mode
 |`-._`-...-` __...-.``-._|'` _.-'|     Port: 6380
 |    `-._   `._    /     _.-'    |     PID: 452
  `-._    `-._  `-./  _.-'    _.-'                                   
 |`-._`-._    `-.__.-'    _.-'_.-'|                                  
 |    `-._`-._        _.-'_.-'    |           http://redis.io        
  `-._    `-._`-.__.-'_.-'    _.-'                                   
 |`-._`-._    `-.__.-'    _.-'_.-'|                                  
 |    `-._`-._        _.-'_.-'    |                                  
  `-._    `-._`-.__.-'_.-'    _.-'                                   
      `-._    `-.__.-'    _.-'                                       
          `-._        _.-'                                           
              `-.__.-'                                               

452:M 26 Oct 12:13:07.716 # WARNING: The TCP backlog setting of 511 cannot be enforced because /proc/sys/net/core/somaxconn is set to the lower value of 128.
452:M 26 Oct 12:13:07.716 # Server initialized
452:M 26 Oct 12:13:07.716 # WARNING overcommit_memory is set to 0! Background save may fail under low memory condition. To fix this issue add 'vm.overcommit_memory = 1' to /etc/sysctl.conf and then reboot or run the command 'sysctl vm.overcommit_memory=1' for this to take effect.
452:M 26 Oct 12:13:07.717 * Ready to accept connections
452:M 26 Oct 12:14:04.322 # IP address for this node updated to 127.0.0.1
452:M 26 Oct 12:16:57.834 # Cluster state changed: ok
452:M 26 Oct 12:18:53.548 * Slave 127.0.0.1:6480 asks for synchronization
452:M 26 Oct 12:18:53.548 * Partial resynchronization not accepted: Replication ID mismatch (Slave asked for 'd159711b99d1913a993d774b765304e96120a6d6', my replication IDs are 'cd0556f8a4d1de34a6ebb17992275d2c7f3b2566' and '0000000000000000000000000000000000000000')
452:M 26 Oct 12:18:53.548 * Starting BGSAVE for SYNC with target: disk
452:M 26 Oct 12:18:53.551 * Background saving started by pid 483
483:C 26 Oct 12:18:53.579 * DB saved on disk
452:M 26 Oct 12:18:53.644 * Background saving terminated with success
452:M 26 Oct 12:18:53.645 * Synchronization with slave 127.0.0.1:6480 succeeded
452:M 26 Oct 12:33:54.093 * 1 changes in 900 seconds. Saving...
452:M 26 Oct 12:33:54.096 * Background saving started by pid 491
491:C 26 Oct 12:33:54.128 * DB saved on disk
452:M 26 Oct 12:33:54.198 * Background saving terminated with success
452:M 26 Oct 14:08:12.744 * Marking node 87b7dfacde34b3cf57d5f46ab44fd6fffb2e4f52 as failing (quorum reached).
452:M 26 Oct 14:08:12.745 # Cluster state changed: fail
452:M 26 Oct 14:08:13.443 # Failover auth granted to 4c23b25bd4bcef7f4b77d8287e330ae72e738883 for epoch 6
452:M 26 Oct 14:08:13.450 # Cluster state changed: ok
452:M 26 Oct 14:15:47.459 * Clear FAIL state for node 87b7dfacde34b3cf57d5f46ab44fd6fffb2e4f52: master without slots is reachable again.
452:M 26 Oct 14:48:30.781 * 1 changes in 900 seconds. Saving...
452:M 26 Oct 14:48:30.784 * Background saving started by pid 560
560:C 26 Oct 14:48:30.847 * DB saved on disk
452:M 26 Oct 14:48:30.885 * Background saving terminated with success
459:C 27 Oct 11:26:07.950 # oO0OoO0OoO0Oo Redis is starting oO0OoO0OoO0Oo
459:C 27 Oct 11:26:07.955 # Redis version=4.0.9, bits=64, commit=00000000, modified=0, pid=459, just started
459:C 27 Oct 11:26:07.955 # Configuration loaded
460:M 27 Oct 11:26:07.958 # You requested maxclients of 10000 requiring at least 10032 max file descriptors.
460:M 27 Oct 11:26:07.964 # Server can't set maximum open files to 10032 because of OS error: Invalid argument.
460:M 27 Oct 11:26:07.964 # Current maximum open files is 4096. maxclients has been reduced to 4064 to compensate for low ulimit. If you need higher maxclients increase 'ulimit -n'.
460:M 27 Oct 11:26:07.967 * Node configuration loaded, I'm c47598b25205cc88abe2e5094d5bfd9ea202335f
                _._                                                  
           _.-``__ ''-._                                             
      _.-``    `.  `_.  ''-._           Redis 4.0.9 (00000000/0) 64 bit
  .-`` .-```.  ```\/    _.,_ ''-._                                   
 (    '      ,       .-`  | `,    )     Running in cluster mode
 |`-._`-...-` __...-.``-._|'` _.-'|     Port: 6380
 |    `-._   `._    /     _.-'    |     PID: 460
  `-._    `-._  `-./  _.-'    _.-'                                   
 |`-._`-._    `-.__.-'    _.-'_.-'|                                  
 |    `-._`-._        _.-'_.-'    |           http://redis.io        
  `-._    `-._`-.__.-'_.-'    _.-'                                   
 |`-._`-._    `-.__.-'    _.-'_.-'|                                  
 |    `-._`-._        _.-'_.-'    |                                  
  `-._    `-._`-.__.-'_.-'    _.-'                                   
      `-._    `-.__.-'    _.-'                                       
          `-._        _.-'                                           
              `-.__.-'                                               

460:M 27 Oct 11:26:07.968 # WARNING: The TCP backlog setting of 511 cannot be enforced because /proc/sys/net/core/somaxconn is set to the lower value of 128.
460:M 27 Oct 11:26:07.969 # Server initialized
460:M 27 Oct 11:26:07.969 # WARNING overcommit_memory is set to 0! Background save may fail under low memory condition. To fix this issue add 'vm.overcommit_memory = 1' to /etc/sysctl.conf and then reboot or run the command 'sysctl vm.overcommit_memory=1' for this to take effect.
460:M 27 Oct 11:26:07.969 * DB loaded from disk: 0.000 seconds
460:M 27 Oct 11:26:07.970 * Ready to accept connections
460:M 27 Oct 11:26:10.000 # Cluster state changed: ok
460:M 27 Oct 11:26:21.879 * Slave 127.0.0.1:6480 asks for synchronization
460:M 27 Oct 11:26:21.880 * Partial resynchronization not accepted: Replication ID mismatch (Slave asked for '08fbf3a8e75ae17e088cdd8897a8a37c8eba0b65', my replication IDs are '3a1215952135a6695c151e1fa0737ae299a8fb28' and '0000000000000000000000000000000000000000')
460:M 27 Oct 11:26:21.880 * Starting BGSAVE for SYNC with target: disk
460:M 27 Oct 11:26:21.882 * Background saving started by pid 485
485:C 27 Oct 11:26:21.905 * DB saved on disk
460:M 27 Oct 11:26:21.924 * Background saving terminated with success
460:M 27 Oct 11:26:21.925 * Synchronization with slave 127.0.0.1:6480 succeeded
